2025-12-23 19:22:39,434 [INFO] Starting MT5 Bridge...
2025-12-23 19:22:39,447 [INFO] Connected to MT5. Fetching XAUUSD...
2025-12-23 19:23:46,990 [INFO] Received signal: 2
2025-12-23 19:23:46,992 [INFO] Signal is SIGINT (KeyboardInterrupt/PM2 Stop)
2025-12-23 19:23:46,994 [INFO] Stopping bridge due to KeyboardInterrupt (SIGINT)...
2025-12-23 19:23:46,994 [INFO] Shutting down MT5 connection...
2025-12-23 19:23:46,994 [INFO] Bridge stopped.
2025-12-23 19:23:57,041 [INFO] Starting MT5 Bridge...
2025-12-23 19:23:57,054 [INFO] Connected to MT5. Fetching XAUUSD...
2025-12-23 19:24:26,023 [INFO] Received signal: 2
2025-12-23 19:24:26,023 [INFO] Signal is SIGINT (KeyboardInterrupt/PM2 Stop)
2025-12-23 19:24:26,025 [INFO] Stopping bridge due to KeyboardInterrupt (SIGINT)...
2025-12-23 19:24:26,027 [INFO] Shutting down MT5 connection...
2025-12-23 19:24:26,027 [INFO] Bridge stopped.
2025-12-23 19:28:13,739 [INFO] Starting MT5 Bridge...
2025-12-23 19:28:13,760 [INFO] Connected to MT5. Fetching XAUUSD...
2025-12-23 19:29:03,554 [INFO] Received signal: 2
2025-12-23 19:29:03,554 [INFO] Signal is SIGINT (KeyboardInterrupt/PM2 Stop)
2025-12-23 19:29:03,554 [INFO] Stopping bridge due to KeyboardInterrupt (SIGINT)...
2025-12-23 19:29:03,554 [INFO] Shutting down MT5 connection...
2025-12-23 19:29:03,554 [INFO] Bridge stopped.
